[2025-06-20 21:25:45] [INFO    ] discord.client: logging in using static token
[2025-06-20 21:25:47] [DEBUG   ] discord.http: GET https://discord.com/api/v10/users/@me with None has returned 200
[2025-06-20 21:25:47] [DEBUG   ] discord.http: GET /users/@me has found its initial rate limit bucket hash (78bb8553d9352a5a2f89f9def401287a).
[2025-06-20 21:25:47] [DEBUG   ] discord.http: GET https://discord.com/api/v10/users/@me has received {'id': '1385330232260821094', 'username': 'bot test', 'avatar': None, 'discriminator': '5080', 'public_flags': 0, 'flags': 0, 'bot': True, 'banner': None, 'accent_color': None, 'global_name': None, 'avatar_decoration_data': None, 'collectibles': None, 'banner_color': None, 'clan': None, 'primary_guild': None, 'mfa_enabled': False, 'locale': 'en-US', 'premium_type': 0, 'email': None, 'verified': True, 'bio': ''}
[2025-06-20 21:25:47] [DEBUG   ] discord.http: GET https://discord.com/api/v10/oauth2/applications/@me with None has returned 200
[2025-06-20 21:25:47] [DEBUG   ] discord.http: GET /oauth2/applications/@me has found its initial rate limit bucket hash (d28a133af187e91d71d96a223467ce49).
[2025-06-20 21:25:47] [DEBUG   ] discord.http: GET https://discord.com/api/v10/oauth2/applications/@me has received {'id': '1385330232260821094', 'name': 'bot test', 'icon': None, 'description': '', 'type': None, 'bot': {'id': '1385330232260821094', 'username': 'bot test', 'avatar': None, 'discriminator': '5080', 'public_flags': 0, 'flags': 0, 'bot': True, 'banner': None, 'accent_color': None, 'global_name': None, 'avatar_decoration_data': None, 'collectibles': None, 'banner_color': None, 'clan': None, 'primary_guild': None}, 'summary': '', 'is_monetized': False, 'is_verified': False, 'is_discoverable': False, 'bot_public': True, 'bot_require_code_grant': False, 'install_params': {'scopes': ['applications.commands'], 'permissions': '0'}, 'integration_types_config': {'0': {'oauth2_install_params': {'scopes': ['applications.commands'], 'permissions': '0'}}, '1': {'oauth2_install_params': {'scopes': ['applications.commands'], 'permissions': '0'}}}, 'verify_key': '86e4f19b2866f204ca8983fdf6581e0e6e1478aa7a70a86f872c9ad60368a064', 'flags': 557056, 'hook': True, 'storefront_available': False, 'redirect_uris': [], 'interactions_endpoint_url': None, 'role_connections_verification_url': None, 'owner': {'id': '392842173839572992', 'username': 'lawnmowers', 'avatar': '0efeb491e96959de92537b636a63733c', 'discriminator': '0', 'public_flags': 0, 'flags': 0, 'banner': None, 'accent_color': None, 'global_name': 'lawnmower', 'avatar_decoration_data': None, 'collectibles': None, 'banner_color': None, 'clan': None, 'primary_guild': None}, 'approximate_guild_count': 1, 'approximate_user_install_count': 0, 'approximate_user_authorization_count': 0, 'interactions_event_types': [], 'interactions_version': 1, 'explicit_content_filter': 0, 'rpc_application_state': 0, 'store_application_state': 1, 'verification_state': 1, 'integration_public': True, 'integration_require_code_grant': False, 'discoverability_state': 1, 'discovery_eligibility_flags': 224, 'monetization_state': 1, 'verification_eligibility_flags': 91036, 'monetization_eligibility_flags': 181988, 'team': None, 'internal_guild_restriction': 2, 'approved_consoles': []}
[2025-06-20 21:25:47] [DEBUG   ] discord.gateway: Created websocket connected to wss://gateway.discord.gg/
[2025-06-20 21:25:47] [DEBUG   ] discord.gateway: For Shard ID None: WebSocket Event: {'t': None, 's': None, 'op': 10, 'd': {'heartbeat_interval': 41250, '_trace': ['["gateway-prd-us-east1-d-xtcw",{"micros":0.0}]']}}
[2025-06-20 21:25:47] [DEBUG   ] discord.gateway: Shard ID None has sent the IDENTIFY payload.
[2025-06-20 21:25:47] [DEBUG   ] discord.gateway: For Shard ID None: WebSocket Event: {'t': None, 's': None, 'op': 11, 'd': None}
[2025-06-20 21:25:47] [DEBUG   ] discord.gateway: For Shard ID None: WebSocket Event: {'t': 'READY', 's': 1, 'op': 0, 'd': {'v': 10, 'user_settings': {}, 'user': {'verified': True, 'username': 'bot test', 'primary_guild': None, 'mfa_enabled': False, 'id': '1385330232260821094', 'global_name': None, 'flags': 0, 'email': None, 'discriminator': '5080', 'clan': None, 'bot': True, 'avatar': None}, 'session_type': 'normal', 'session_id': 'f26d2adb3c7119996d4fdca45be89e45', 'resume_gateway_url': 'wss://gateway-us-east1-d.discord.gg', 'relationships': [], 'private_channels': [], 'presences': [], 'guilds': [{'unavailable': True, 'id': '814304078158364752'}, {'unavailable': True, 'id': '1385787886938488943'}], 'guild_join_requests': [], 'geo_ordered_rtc_regions': ['newark', 'us-east', 'us-central', 'atlanta', 'us-south'], 'game_relationships': [], 'auth': {}, 'application': {'id': '1385330232260821094', 'flags': 557056}, '_trace': ['["gateway-prd-us-east1-d-xtcw",{"micros":204789,"calls":["id_created",{"micros":318,"calls":[]},"session_lookup_time",{"micros":1820,"calls":[]},"session_lookup_finished",{"micros":14,"calls":[]},"discord-sessions-prd-2-21",{"micros":201637,"calls":["start_session",{"micros":187063,"calls":["discord-api-rpc-7bdb487796-nqwj7",{"micros":173437,"calls":["get_user",{"micros":6207},"get_guilds",{"micros":47295},"send_scheduled_deletion_message",{"micros":15},"guild_join_requests",{"micros":3},"authorized_ip_coro",{"micros":17},"pending_payments",{"micros":1203},"apex_experiments",{"micros":4},"user_activities",{"micros":7},"played_application_ids",{"micros":1}]}]},"starting_guild_connect",{"micros":26,"calls":[]},"presence_started",{"micros":10700,"calls":[]},"guilds_started",{"micros":86,"calls":[]},"lobbies_started",{"micros":0,"calls":[]},"guilds_connect",{"micros":1,"calls":[]},"presence_connect",{"micros":3742,"calls":[]},"connect_finished",{"micros":3746,"calls":[]},"build_ready",{"micros":14,"calls":[]},"clean_ready",{"micros":0,"calls":[]},"optimize_ready",{"micros":1,"calls":[]},"split_ready",{"micros":0,"calls":[]}]}]}]']}}
[2025-06-20 21:25:47] [DEBUG   ] discord.client: Dispatching event socket_event_type
[2025-06-20 21:25:47] [INFO    ] discord.gateway: Shard ID None has connected to Gateway (Session ID: f26d2adb3c7119996d4fdca45be89e45).
[2025-06-20 21:25:47] [DEBUG   ] discord.client: Dispatching event connect
[2025-06-20 21:25:47] [DEBUG   ] discord.gateway: For Shard ID None: WebSocket Event: {'t': 'GUILD_CREATE', 's': 2, 'op': 0, 'd': {'incidents_data': None, 'owner_id': '392842173839572992', 'default_message_notifications': 0, 'joined_at': '2025-06-19T18:52:03.875766+00:00', 'emojis': [], 'rules_channel_id': None, 'profile': None, 'features': ['EXPOSED_TO_ACTIVITIES_WTP_EXPERIMENT'], 'nsfw': False, 'stage_instances': [], 'stickers': [], 'id': '814304078158364752', 'name': "lawnmower's server", 'members': [{'user': {'username': 'bot test', 'public_flags': 0, 'primary_guild': None, 'id': '1385330232260821094', 'global_name': None, 'display_name': None, 'discriminator': '5080', 'collectibles': None, 'bot': True, 'avatar_decoration_data': None, 'avatar': None}, 'roles': ['1385331315309674589'], 'premium_since': None, 'pending': False, 'nick': None, 'mute': False, 'joined_at': '2025-06-19T18:52:03.875766+00:00', 'flags': 0, 'deaf': False, 'communication_disabled_until': None, 'banner': None, 'avatar': None}], 'premium_subscription_count': 0, 'threads': [], 'large': False, 'splash': None, 'home_header': None, 'mfa_level': 0, 'icon': None, 'safety_alerts_channel_id': None, 'description': None, 'guild_scheduled_events': [], 'afk_timeout': 300, 'afk_channel_id': None, 'voice_states': [], 'activity_instances': [], 'public_updates_channel_id': None, 'premium_tier': 0, 'application_command_counts': {}, 'system_channel_id': '814304078158364755', 'channels': [{'version': 0, 'type': 4, 'position': 0, 'permission_overwrites': [], 'name': 'Text Channels', 'id': '814304078158364753', 'flags': 0}, {'version': 0, 'type': 4, 'position': 0, 'permission_overwrites': [], 'name': 'Voice Channels', 'id': '814304078158364754', 'flags': 0}, {'version': 1673564408514, 'type': 0, 'topic': None, 'rate_limit_per_user': 0, 'position': 1, 'permission_overwrites': [], 'parent_id': '814304078158364753', 'name': 'general-archive', 'last_message_id': '1385789753919541338', 'id': '814304078158364755', 'flags': 0}, {'version': 0, 'user_limit': 0, 'type': 2, 'rtc_region': None, 'rate_limit_per_user': 0, 'position': 0, 'permission_overwrites': [], 'parent_id': '814304078158364754', 'name': 'General', 'last_message_id': None, 'id': '814304078158364756', 'flags': 0, 'bitrate': 64000}, {'version': 1673564408500, 'type': 0, 'topic': None, 'rate_limit_per_user': 0, 'position': 0, 'permission_overwrites': [], 'parent_id': '814304078158364753', 'name': 'general', 'last_message_id': '1385399095887400981', 'id': '1063230918183092286', 'flags': 0}, {'version': 1750455322020, 'type': 0, 'topic': None, 'rate_limit_per_user': 0, 'position': 2, 'permission_overwrites': [], 'parent_id': None, 'nsfw': False, 'name': 'crypto', 'last_message_id': None, 'id': '1385734799955722240', 'flags': 0}], 'member_count': 4, 'preferred_locale': 'en-US', 'premium_progress_bar_enabled': False, 'max_stage_video_channel_users': 50, 'presences': [], 'max_members': 500000, 'max_video_channel_users': 25, 'vanity_url_code': None, 'banner': None, 'premium_features': None, 'hub_type': None, 'roles': [{'version': 0, 'unicode_emoji': None, 'tags': {}, 'position': 0, 'permissions': '2248473465835073', 'name': '@everyone', 'mentionable': False, 'managed': False, 'id': '814304078158364752', 'icon': None, 'hoist': False, 'flags': 0, 'colors': {'tertiary_color': None, 'secondary_color': None, 'primary_color': 0}, 'color': 0}, {'version': 0, 'unicode_emoji': None, 'tags': {'bot_id': '812121664069959710'}, 'position': 1, 'permissions': '4295228480', 'name': 'test bot gaagogajg;jl', 'mentionable': False, 'managed': True, 'id': '814308810164142122', 'icon': None, 'hoist': False, 'flags': 0, 'colors': {'tertiary_color': None, 'secondary_color': None, 'primary_color': 0}, 'color': 0}, {'version': 0, 'unicode_emoji': None, 'tags': {'bot_id': '803482807439458304'}, 'position': 1, 'permissions': '519232', 'name': 'SEAL BOT 777', 'mentionable': False, 'managed': True, 'id': '949556474542186509', 'icon': None, 'hoist': False, 'flags': 0, 'colors': {'tertiary_color': None, 'secondary_color': None, 'primary_color': 0}, 'color': 0}, {'version': 1750468470794, 'unicode_emoji': None, 'tags': {'bot_id': '1385330232260821094'}, 'position': 1, 'permissions': '0', 'name': 'bot test', 'mentionable': False, 'managed': True, 'id': '1385331315309674589', 'icon': None, 'hoist': False, 'flags': 0, 'colors': {'tertiary_color': None, 'secondary_color': None, 'primary_color': 0}, 'color': 0}], 'latest_onboarding_question_id': None, 'soundboard_sounds': [], 'inventory_settings': None, 'unavailable': False, 'system_channel_flags': 0, 'explicit_content_filter': 0, 'lazy': True, 'discovery_splash': None, 'version': 1750455318040, 'moderator_reporting': None, 'nsfw_level': 0, 'embedded_activities': [], 'region': 'deprecated', 'application_id': None, 'verification_level': 0}}
[2025-06-20 21:25:47] [DEBUG   ] discord.client: Dispatching event socket_event_type
[2025-06-20 21:25:47] [DEBUG   ] discord.gateway: For Shard ID None: WebSocket Event: {'t': 'GUILD_CREATE', 's': 3, 'op': 0, 'd': {'incidents_data': None, 'owner_id': '392842173839572992', 'default_message_notifications': 0, 'joined_at': '2025-06-21T01:19:24.451441+00:00', 'emojis': [], 'rules_channel_id': None, 'profile': None, 'features': [], 'nsfw': False, 'stage_instances': [], 'stickers': [], 'id': '1385787886938488943', 'name': 'bot testing', 'members': [{'user': {'username': 'bot test', 'public_flags': 0, 'primary_guild': None, 'id': '1385330232260821094', 'global_name': None, 'display_name': None, 'discriminator': '5080', 'collectibles': None, 'bot': True, 'avatar_decoration_data': None, 'avatar': None}, 'roles': ['1385791181199507612'], 'premium_since': None, 'pending': False, 'nick': None, 'mute': False, 'joined_at': '2025-06-21T01:19:24.451441+00:00', 'flags': 0, 'deaf': False, 'communication_disabled_until': None, 'banner': None, 'avatar': None}], 'premium_subscription_count': 0, 'threads': [], 'large': False, 'splash': None, 'home_header': None, 'mfa_level': 0, 'icon': None, 'safety_alerts_channel_id': None, 'description': '', 'guild_scheduled_events': [], 'afk_timeout': 300, 'afk_channel_id': None, 'voice_states': [], 'activity_instances': [], 'public_updates_channel_id': None, 'premium_tier': 0, 'application_command_counts': {}, 'system_channel_id': '1385787887429095468', 'channels': [{'version': 1750467979098, 'type': 4, 'position': 0, 'permission_overwrites': [], 'name': 'Text Channels', 'id': '1385787887429095466', 'flags': 0}, {'version': 1750467979105, 'type': 4, 'position': 0, 'permission_overwrites': [], 'name': 'Voice Channels', 'id': '1385787887429095467', 'flags': 0}, {'version': 1750467979113, 'type': 0, 'topic': None, 'rate_limit_per_user': 0, 'position': 0, 'permission_overwrites': [], 'parent_id': '1385787887429095466', 'name': 'general', 'last_message_id': '1385791497890304010', 'id': '1385787887429095468', 'icon_emoji': {'name': '👋', 'id': None}, 'flags': 0}, {'version': 1750467979119, 'user_limit': 0, 'type': 2, 'rtc_region': None, 'rate_limit_per_user': 0, 'position': 0, 'permission_overwrites': [], 'parent_id': '1385787887429095467', 'name': 'General', 'last_message_id': None, 'id': '1385787887429095470', 'icon_emoji': {'name': '🎙', 'id': None}, 'flags': 0, 'bitrate': 64000}], 'member_count': 3, 'preferred_locale': 'en-US', 'premium_progress_bar_enabled': False, 'max_stage_video_channel_users': 50, 'presences': [], 'max_members': 500000, 'max_video_channel_users': 25, 'vanity_url_code': None, 'banner': None, 'premium_features': None, 'hub_type': None, 'roles': [{'version': 1750467979096, 'unicode_emoji': None, 'tags': {}, 'position': 0, 'permissions': '2248473465835073', 'name': '@everyone', 'mentionable': False, 'managed': False, 'id': '1385787886938488943', 'icon': None, 'hoist': False, 'flags': 0, 'colors': {'tertiary_color': None, 'secondary_color': None, 'primary_color': 0}, 'color': 0}, {'version': 1750468764433, 'unicode_emoji': None, 'tags': {'bot_id': '1385330232260821094'}, 'position': 1, 'permissions': '563276639759424', 'name': 'bot test', 'mentionable': False, 'managed': True, 'id': '1385791181199507612', 'icon': None, 'hoist': False, 'flags': 0, 'colors': {'tertiary_color': None, 'secondary_color': None, 'primary_color': 0}, 'color': 0}], 'latest_onboarding_question_id': None, 'soundboard_sounds': [], 'inventory_settings': None, 'unavailable': False, 'system_channel_flags': 0, 'explicit_content_filter': 0, 'lazy': True, 'discovery_splash': None, 'version': 1750468677850, 'moderator_reporting': None, 'nsfw_level': 0, 'embedded_activities': [], 'region': 'deprecated', 'application_id': None, 'verification_level': 0}}
[2025-06-20 21:25:47] [DEBUG   ] discord.client: Dispatching event socket_event_type
[2025-06-20 21:25:47] [DEBUG   ] discord.gateway: For Shard ID None: WebSocket Event: {'t': 'GUILD_MEMBERS_CHUNK', 's': 4, 'op': 0, 'd': {'nonce': 'ae40526730c4cabb4410b9b18271ac48', 'members': [{'user': {'username': 'lawnmowers', 'public_flags': 0, 'primary_guild': None, 'id': '392842173839572992', 'global_name': 'lawnmower', 'display_name': 'lawnmower', 'discriminator': '0', 'collectibles': None, 'bot': False, 'avatar_decoration_data': None, 'avatar': '0efeb491e96959de92537b636a63733c'}, 'roles': [], 'premium_since': None, 'pending': False, 'nick': None, 'mute': False, 'joined_at': '2021-02-25T01:13:41.276000+00:00', 'flags': 0, 'deaf': False, 'communication_disabled_until': None, 'banner': None, 'avatar': None}, {'user': {'username': 'SEAL BOT 777', 'public_flags': 0, 'primary_guild': None, 'id': '803482807439458304', 'global_name': None, 'display_name': None, 'discriminator': '9626', 'collectibles': None, 'bot': True, 'avatar_decoration_data': None, 'avatar': '6ddf64bbb482813efffd2c97f4308ff0'}, 'roles': ['949556474542186509'], 'premium_since': None, 'pending': False, 'nick': None, 'mute': False, 'joined_at': '2022-03-05T06:38:25.482000+00:00', 'flags': 0, 'deaf': False, 'communication_disabled_until': None, 'banner': None, 'avatar': None}, {'user': {'username': 'test bot gaagogajg;jl', 'public_flags': 0, 'primary_guild': None, 'id': '812121664069959710', 'global_name': None, 'display_name': None, 'discriminator': '8855', 'collectibles': None, 'bot': True, 'avatar_decoration_data': None, 'avatar': None}, 'roles': ['814308810164142122'], 'premium_since': None, 'pending': False, 'nick': None, 'mute': False, 'joined_at': '2021-02-25T01:32:29.566000+00:00', 'flags': 0, 'deaf': False, 'communication_disabled_until': None, 'banner': None, 'avatar': None}, {'user': {'username': 'bot test', 'public_flags': 0, 'primary_guild': None, 'id': '1385330232260821094', 'global_name': None, 'display_name': None, 'discriminator': '5080', 'collectibles': None, 'bot': True, 'avatar_decoration_data': None, 'avatar': None}, 'roles': ['1385331315309674589'], 'premium_since': None, 'pending': False, 'nick': None, 'mute': False, 'joined_at': '2025-06-19T18:52:03.875766+00:00', 'flags': 0, 'deaf': False, 'communication_disabled_until': None, 'banner': None, 'avatar': None}], 'guild_id': '814304078158364752', 'chunk_index': 0, 'chunk_count': 1}}
[2025-06-20 21:25:47] [DEBUG   ] discord.client: Dispatching event socket_event_type
[2025-06-20 21:25:47] [DEBUG   ] discord.state: Processed a chunk for 4 members in guild ID 814304078158364752.
[2025-06-20 21:25:48] [DEBUG   ] discord.gateway: For Shard ID None: WebSocket Event: {'t': 'GUILD_MEMBERS_CHUNK', 's': 5, 'op': 0, 'd': {'nonce': 'a925225b673a56ad39bc3a0bbe8c03bb', 'members': [{'user': {'username': 'lawnmowers', 'public_flags': 0, 'primary_guild': None, 'id': '392842173839572992', 'global_name': 'lawnmower', 'display_name': 'lawnmower', 'discriminator': '0', 'collectibles': None, 'bot': False, 'avatar_decoration_data': None, 'avatar': '0efeb491e96959de92537b636a63733c'}, 'roles': [], 'premium_since': None, 'pending': False, 'nick': None, 'mute': False, 'joined_at': '2025-06-21T01:06:18.964000+00:00', 'flags': 0, 'deaf': False, 'communication_disabled_until': None, 'banner': None, 'avatar': None}, {'user': {'username': 'k3chau', 'public_flags': 0, 'primary_guild': None, 'id': '1360413278940954797', 'global_name': 'k3chau', 'display_name': 'k3chau', 'discriminator': '0', 'collectibles': None, 'bot': False, 'avatar_decoration_data': None, 'avatar': None}, 'roles': [], 'premium_since': None, 'pending': False, 'nick': None, 'mute': False, 'joined_at': '2025-06-21T01:08:46.858872+00:00', 'flags': 0, 'deaf': False, 'communication_disabled_until': None, 'banner': None, 'avatar': None}, {'user': {'username': 'bot test', 'public_flags': 0, 'primary_guild': None, 'id': '1385330232260821094', 'global_name': None, 'display_name': None, 'discriminator': '5080', 'collectibles': None, 'bot': True, 'avatar_decoration_data': None, 'avatar': None}, 'roles': ['1385791181199507612'], 'premium_since': None, 'pending': False, 'nick': None, 'mute': False, 'joined_at': '2025-06-21T01:19:24.451441+00:00', 'flags': 0, 'deaf': False, 'communication_disabled_until': None, 'banner': None, 'avatar': None}], 'guild_id': '1385787886938488943', 'chunk_index': 0, 'chunk_count': 1}}
[2025-06-20 21:25:48] [DEBUG   ] discord.client: Dispatching event socket_event_type
[2025-06-20 21:25:48] [DEBUG   ] discord.state: Processed a chunk for 3 members in guild ID 1385787886938488943.
[2025-06-20 21:25:49] [DEBUG   ] discord.client: Dispatching event guild_available
[2025-06-20 21:25:49] [DEBUG   ] discord.client: Dispatching event guild_available
[2025-06-20 21:25:49] [DEBUG   ] discord.client: Dispatching event ready
[2025-06-20 21:26:28] [DEBUG   ] discord.gateway: Keeping shard ID None websocket alive with sequence 5.
[2025-06-20 21:26:28] [DEBUG   ] discord.gateway: For Shard ID None: WebSocket Event: {'t': None, 's': None, 'op': 11, 'd': None}
[2025-06-20 21:26:32] [DEBUG   ] discord.gateway: For Shard ID None: WebSocket Event: {'t': 'MESSAGE_CREATE', 's': 6, 'op': 0, 'd': {'type': 0, 'tts': False, 'timestamp': '2025-06-21T01:26:32.619000+00:00', 'pinned': False, 'nonce': '1385792977644814336', 'mentions': [], 'mention_roles': [], 'mention_everyone': False, 'member': {'roles': [], 'premium_since': None, 'pending': False, 'nick': None, 'mute': False, 'joined_at': '2025-06-21T01:06:18.964000+00:00', 'flags': 0, 'deaf': False, 'communication_disabled_until': None, 'banner': None, 'avatar': None}, 'id': '1385792977477046343', 'flags': 0, 'embeds': [], 'edited_timestamp': None, 'content': '!hello', 'components': [], 'channel_type': 0, 'channel_id': '1385787887429095468', 'author': {'username': 'lawnmowers', 'public_flags': 0, 'primary_guild': None, 'id': '392842173839572992', 'global_name': 'lawnmower', 'discriminator': '0', 'collectibles': None, 'clan': None, 'avatar_decoration_data': None, 'avatar': '0efeb491e96959de92537b636a63733c'}, 'attachments': [], 'guild_id': '1385787886938488943'}}
[2025-06-20 21:26:32] [DEBUG   ] discord.client: Dispatching event socket_event_type
[2025-06-20 21:26:32] [DEBUG   ] discord.client: Dispatching event message
[2025-06-20 21:26:32] [DEBUG   ] discord.client: Dispatching event command
[2025-06-20 21:26:33] [DEBUG   ] discord.gateway: For Shard ID None: WebSocket Event: {'t': 'MESSAGE_CREATE', 's': 7, 'op': 0, 'd': {'type': 0, 'tts': False, 'timestamp': '2025-06-21T01:26:32.990000+00:00', 'pinned': False, 'nonce': '15398011716206081394', 'mentions': [{'username': 'lawnmowers', 'public_flags': 0, 'primary_guild': None, 'member': {'roles': [], 'premium_since': None, 'pending': False, 'nick': None, 'mute': False, 'joined_at': '2025-06-21T01:06:18.964000+00:00', 'flags': 0, 'deaf': False, 'communication_disabled_until': None, 'banner': None, 'avatar': None}, 'id': '392842173839572992', 'global_name': 'lawnmower', 'discriminator': '0', 'collectibles': None, 'clan': None, 'avatar_decoration_data': None, 'avatar': '0efeb491e96959de92537b636a63733c'}], 'mention_roles': [], 'mention_everyone': False, 'member': {'roles': ['1385791181199507612'], 'premium_since': None, 'pending': False, 'nick': None, 'mute': False, 'joined_at': '2025-06-21T01:19:24.451441+00:00', 'flags': 0, 'deaf': False, 'communication_disabled_until': None, 'banner': None, 'avatar': None}, 'id': '1385792979033264311', 'flags': 0, 'embeds': [], 'edited_timestamp': None, 'content': 'Hello <@392842173839572992>', 'components': [], 'channel_type': 0, 'channel_id': '1385787887429095468', 'author': {'username': 'bot test', 'public_flags': 0, 'primary_guild': None, 'id': '1385330232260821094', 'global_name': None, 'discriminator': '5080', 'collectibles': None, 'clan': None, 'bot': True, 'avatar_decoration_data': None, 'avatar': None}, 'attachments': [], 'guild_id': '1385787886938488943'}}
[2025-06-20 21:26:33] [DEBUG   ] discord.client: Dispatching event socket_event_type
[2025-06-20 21:26:33] [DEBUG   ] discord.client: Dispatching event message
[2025-06-20 21:26:33] [DEBUG   ] discord.http: POST https://discord.com/api/v10/channels/1385787887429095468/messages with {"content":"Hello <@392842173839572992>","components":[],"nonce":"15398011716206081394","enforce_nonce":true,"tts":false} has returned 200
[2025-06-20 21:26:33] [DEBUG   ] discord.http: POST /channels/{channel_id}/messages has found its initial rate limit bucket hash (3df15bae86f6647dd4dfcbd5c6949480).
[2025-06-20 21:26:33] [DEBUG   ] discord.http: POST https://discord.com/api/v10/channels/1385787887429095468/messages has received {'type': 0, 'content': 'Hello <@392842173839572992>', 'mentions': [{'id': '392842173839572992', 'username': 'lawnmowers', 'avatar': '0efeb491e96959de92537b636a63733c', 'discriminator': '0', 'public_flags': 0, 'flags': 0, 'banner': None, 'accent_color': None, 'global_name': 'lawnmower', 'avatar_decoration_data': None, 'collectibles': None, 'banner_color': None, 'clan': None, 'primary_guild': None}], 'mention_roles': [], 'attachments': [], 'embeds': [], 'timestamp': '2025-06-21T01:26:32.990000+00:00', 'edited_timestamp': None, 'flags': 0, 'components': [], 'id': '1385792979033264311', 'channel_id': '1385787887429095468', 'author': {'id': '1385330232260821094', 'username': 'bot test', 'avatar': None, 'discriminator': '5080', 'public_flags': 0, 'flags': 0, 'bot': True, 'banner': None, 'accent_color': None, 'global_name': None, 'avatar_decoration_data': None, 'collectibles': None, 'banner_color': None, 'clan': None, 'primary_guild': None}, 'pinned': False, 'mention_everyone': False, 'tts': False, 'nonce': '15398011716206081394'}
[2025-06-20 21:26:33] [DEBUG   ] discord.client: Dispatching event command_completion
[2025-06-20 21:27:09] [DEBUG   ] discord.gateway: Keeping shard ID None websocket alive with sequence 7.
[2025-06-20 21:27:10] [DEBUG   ] discord.gateway: For Shard ID None: WebSocket Event: {'t': None, 's': None, 'op': 11, 'd': None}
[2025-06-20 21:27:51] [DEBUG   ] discord.gateway: Keeping shard ID None websocket alive with sequence 7.
[2025-06-20 21:27:51] [DEBUG   ] discord.gateway: For Shard ID None: WebSocket Event: {'t': None, 's': None, 'op': 11, 'd': None}
[2025-06-20 21:28:32] [DEBUG   ] discord.gateway: Keeping shard ID None websocket alive with sequence 7.
[2025-06-20 21:28:32] [DEBUG   ] discord.gateway: For Shard ID None: WebSocket Event: {'t': None, 's': None, 'op': 11, 'd': None}
[2025-06-20 21:29:13] [DEBUG   ] discord.gateway: Keeping shard ID None websocket alive with sequence 7.
[2025-06-20 21:29:13] [DEBUG   ] discord.gateway: For Shard ID None: WebSocket Event: {'t': None, 's': None, 'op': 11, 'd': None}
[2025-06-20 21:29:54] [DEBUG   ] discord.gateway: Keeping shard ID None websocket alive with sequence 7.
[2025-06-20 21:29:55] [DEBUG   ] discord.gateway: For Shard ID None: WebSocket Event: {'t': None, 's': None, 'op': 11, 'd': None}
[2025-06-20 21:30:36] [DEBUG   ] discord.gateway: Keeping shard ID None websocket alive with sequence 7.
[2025-06-20 21:30:36] [DEBUG   ] discord.gateway: For Shard ID None: WebSocket Event: {'t': None, 's': None, 'op': 11, 'd': None}
[2025-06-20 21:31:17] [DEBUG   ] discord.gateway: Keeping shard ID None websocket alive with sequence 7.
[2025-06-20 21:31:17] [DEBUG   ] discord.gateway: For Shard ID None: WebSocket Event: {'t': None, 's': None, 'op': 11, 'd': None}
[2025-06-20 21:31:58] [DEBUG   ] discord.gateway: Keeping shard ID None websocket alive with sequence 7.
[2025-06-20 21:31:58] [DEBUG   ] discord.gateway: For Shard ID None: WebSocket Event: {'t': None, 's': None, 'op': 11, 'd': None}
[2025-06-20 21:32:40] [DEBUG   ] discord.gateway: Keeping shard ID None websocket alive with sequence 7.
[2025-06-20 21:32:40] [DEBUG   ] discord.gateway: For Shard ID None: WebSocket Event: {'t': None, 's': None, 'op': 11, 'd': None}
[2025-06-20 21:33:21] [DEBUG   ] discord.gateway: Keeping shard ID None websocket alive with sequence 7.
[2025-06-20 21:33:21] [DEBUG   ] discord.gateway: For Shard ID None: WebSocket Event: {'t': None, 's': None, 'op': 11, 'd': None}
[2025-06-20 21:34:02] [DEBUG   ] discord.gateway: Keeping shard ID None websocket alive with sequence 7.
[2025-06-20 21:34:02] [DEBUG   ] discord.gateway: For Shard ID None: WebSocket Event: {'t': None, 's': None, 'op': 11, 'd': None}
[2025-06-20 21:34:43] [DEBUG   ] discord.gateway: Keeping shard ID None websocket alive with sequence 7.
[2025-06-20 21:34:43] [DEBUG   ] discord.gateway: For Shard ID None: WebSocket Event: {'t': None, 's': None, 'op': 11, 'd': None}
[2025-06-20 21:35:25] [DEBUG   ] discord.gateway: Keeping shard ID None websocket alive with sequence 7.
[2025-06-20 21:35:25] [DEBUG   ] discord.gateway: For Shard ID None: WebSocket Event: {'t': None, 's': None, 'op': 11, 'd': None}
[2025-06-20 21:36:06] [DEBUG   ] discord.gateway: Keeping shard ID None websocket alive with sequence 7.
[2025-06-20 21:36:06] [DEBUG   ] discord.gateway: For Shard ID None: WebSocket Event: {'t': None, 's': None, 'op': 11, 'd': None}
[2025-06-20 21:36:47] [DEBUG   ] discord.gateway: Keeping shard ID None websocket alive with sequence 7.
[2025-06-20 21:36:47] [DEBUG   ] discord.gateway: For Shard ID None: WebSocket Event: {'t': None, 's': None, 'op': 11, 'd': None}
[2025-06-20 21:37:28] [DEBUG   ] discord.gateway: Keeping shard ID None websocket alive with sequence 7.
[2025-06-20 21:37:28] [DEBUG   ] discord.gateway: For Shard ID None: WebSocket Event: {'t': None, 's': None, 'op': 11, 'd': None}
[2025-06-20 21:38:10] [DEBUG   ] discord.gateway: Keeping shard ID None websocket alive with sequence 7.
[2025-06-20 21:38:10] [DEBUG   ] discord.gateway: For Shard ID None: WebSocket Event: {'t': None, 's': None, 'op': 11, 'd': None}
[2025-06-20 21:38:51] [DEBUG   ] discord.gateway: Keeping shard ID None websocket alive with sequence 7.
[2025-06-20 21:38:51] [DEBUG   ] discord.gateway: For Shard ID None: WebSocket Event: {'t': None, 's': None, 'op': 11, 'd': None}
[2025-06-20 21:39:32] [DEBUG   ] discord.gateway: Keeping shard ID None websocket alive with sequence 7.
[2025-06-20 21:39:32] [DEBUG   ] discord.gateway: For Shard ID None: WebSocket Event: {'t': None, 's': None, 'op': 11, 'd': None}
[2025-06-20 21:40:13] [DEBUG   ] discord.gateway: Keeping shard ID None websocket alive with sequence 7.
[2025-06-20 21:40:13] [DEBUG   ] discord.gateway: For Shard ID None: WebSocket Event: {'t': None, 's': None, 'op': 11, 'd': None}
[2025-06-20 21:40:55] [DEBUG   ] discord.gateway: Keeping shard ID None websocket alive with sequence 7.
[2025-06-20 21:40:55] [DEBUG   ] discord.gateway: For Shard ID None: WebSocket Event: {'t': None, 's': None, 'op': 11, 'd': None}
[2025-06-20 21:41:36] [DEBUG   ] discord.gateway: Keeping shard ID None websocket alive with sequence 7.
[2025-06-20 21:41:36] [DEBUG   ] discord.gateway: For Shard ID None: WebSocket Event: {'t': None, 's': None, 'op': 11, 'd': None}
[2025-06-20 21:42:17] [DEBUG   ] discord.gateway: Keeping shard ID None websocket alive with sequence 7.
[2025-06-20 21:42:17] [DEBUG   ] discord.gateway: For Shard ID None: WebSocket Event: {'t': None, 's': None, 'op': 11, 'd': None}
[2025-06-20 21:42:58] [DEBUG   ] discord.gateway: Keeping shard ID None websocket alive with sequence 7.
[2025-06-20 21:42:58] [DEBUG   ] discord.gateway: For Shard ID None: WebSocket Event: {'t': None, 's': None, 'op': 11, 'd': None}
[2025-06-20 21:43:40] [DEBUG   ] discord.gateway: Keeping shard ID None websocket alive with sequence 7.
[2025-06-20 21:43:40] [DEBUG   ] discord.gateway: For Shard ID None: WebSocket Event: {'t': None, 's': None, 'op': 11, 'd': None}
[2025-06-20 21:44:21] [DEBUG   ] discord.gateway: Keeping shard ID None websocket alive with sequence 7.
[2025-06-20 21:44:21] [DEBUG   ] discord.gateway: For Shard ID None: WebSocket Event: {'t': None, 's': None, 'op': 11, 'd': None}
[2025-06-20 21:45:02] [DEBUG   ] discord.gateway: Keeping shard ID None websocket alive with sequence 7.
[2025-06-20 21:45:02] [DEBUG   ] discord.gateway: For Shard ID None: WebSocket Event: {'t': None, 's': None, 'op': 11, 'd': None}
[2025-06-20 21:45:43] [DEBUG   ] discord.gateway: Keeping shard ID None websocket alive with sequence 7.
[2025-06-20 21:45:44] [DEBUG   ] discord.gateway: For Shard ID None: WebSocket Event: {'t': None, 's': None, 'op': 11, 'd': None}
[2025-06-20 21:46:25] [DEBUG   ] discord.gateway: Keeping shard ID None websocket alive with sequence 7.
[2025-06-20 21:46:25] [DEBUG   ] discord.gateway: For Shard ID None: WebSocket Event: {'t': None, 's': None, 'op': 11, 'd': None}
[2025-06-20 21:47:06] [DEBUG   ] discord.gateway: Keeping shard ID None websocket alive with sequence 7.
[2025-06-20 21:47:06] [DEBUG   ] discord.gateway: For Shard ID None: WebSocket Event: {'t': None, 's': None, 'op': 11, 'd': None}
[2025-06-20 21:47:47] [DEBUG   ] discord.gateway: Keeping shard ID None websocket alive with sequence 7.
[2025-06-20 21:47:48] [DEBUG   ] discord.gateway: For Shard ID None: WebSocket Event: {'t': None, 's': None, 'op': 11, 'd': None}
[2025-06-20 21:48:28] [DEBUG   ] discord.gateway: Keeping shard ID None websocket alive with sequence 7.
[2025-06-20 21:48:29] [DEBUG   ] discord.gateway: For Shard ID None: WebSocket Event: {'t': None, 's': None, 'op': 11, 'd': None}
[2025-06-20 21:49:10] [DEBUG   ] discord.gateway: Keeping shard ID None websocket alive with sequence 7.
[2025-06-20 21:49:10] [DEBUG   ] discord.gateway: For Shard ID None: WebSocket Event: {'t': None, 's': None, 'op': 11, 'd': None}
[2025-06-20 21:49:51] [DEBUG   ] discord.gateway: Keeping shard ID None websocket alive with sequence 7.
[2025-06-20 21:49:51] [DEBUG   ] discord.gateway: For Shard ID None: WebSocket Event: {'t': None, 's': None, 'op': 11, 'd': None}
[2025-06-20 21:50:32] [DEBUG   ] discord.gateway: Keeping shard ID None websocket alive with sequence 7.
[2025-06-20 21:50:32] [DEBUG   ] discord.gateway: For Shard ID None: WebSocket Event: {'t': None, 's': None, 'op': 11, 'd': None}
[2025-06-20 21:50:53] [DEBUG   ] discord.gateway: For Shard ID None: WebSocket Event: {'t': 'GUILD_ROLE_CREATE', 's': 8, 'op': 0, 'd': {'role': {'version': 1750470653047, 'unicode_emoji': None, 'position': 1, 'permissions': '0', 'name': 'new role', 'mentionable': False, 'managed': False, 'id': '1385799102943723582', 'icon': None, 'hoist': False, 'flags': 0, 'description': None, 'colors': {'tertiary_color': None, 'secondary_color': None, 'primary_color': 0}, 'color': 0}, 'guild_id': '1385787886938488943'}}
[2025-06-20 21:50:53] [DEBUG   ] discord.client: Dispatching event socket_event_type
[2025-06-20 21:50:53] [DEBUG   ] discord.client: Dispatching event guild_role_create
[2025-06-20 21:51:11] [DEBUG   ] discord.gateway: For Shard ID None: WebSocket Event: {'t': 'GUILD_ROLE_UPDATE', 's': 9, 'op': 0, 'd': {'role': {'version': 1750470671489, 'unicode_emoji': None, 'tags': {'bot_id': '1385330232260821094'}, 'position': 2, 'permissions': '563276639759424', 'name': 'bot test', 'mentionable': False, 'managed': True, 'id': '1385791181199507612', 'icon': None, 'hoist': False, 'flags': 0, 'description': None, 'colors': {'tertiary_color': None, 'secondary_color': None, 'primary_color': 0}, 'color': 0}, 'guild_id': '1385787886938488943'}}
[2025-06-20 21:51:11] [DEBUG   ] discord.client: Dispatching event socket_event_type
[2025-06-20 21:51:11] [DEBUG   ] discord.client: Dispatching event guild_role_update
[2025-06-20 21:51:11] [DEBUG   ] discord.gateway: For Shard ID None: WebSocket Event: {'t': 'GUILD_ROLE_UPDATE', 's': 10, 'op': 0, 'd': {'role': {'version': 1750470671620, 'unicode_emoji': None, 'position': 1, 'permissions': '8', 'name': 'admin', 'mentionable': False, 'managed': False, 'id': '1385799102943723582', 'icon': None, 'hoist': False, 'flags': 0, 'description': None, 'colors': {'tertiary_color': None, 'secondary_color': None, 'primary_color': 0}, 'color': 0}, 'guild_id': '1385787886938488943'}}
[2025-06-20 21:51:11] [DEBUG   ] discord.client: Dispatching event socket_event_type
[2025-06-20 21:51:11] [DEBUG   ] discord.client: Dispatching event guild_role_update
[2025-06-20 21:51:14] [DEBUG   ] discord.gateway: Keeping shard ID None websocket alive with sequence 10.
[2025-06-20 21:51:14] [DEBUG   ] discord.gateway: For Shard ID None: WebSocket Event: {'t': None, 's': None, 'op': 11, 'd': None}
[2025-06-20 21:51:16] [DEBUG   ] discord.gateway: For Shard ID None: WebSocket Event: {'t': 'GUILD_MEMBER_UPDATE', 's': 11, 'op': 0, 'd': {'user': {'username': 'k3chau', 'public_flags': 0, 'primary_guild': None, 'id': '1360413278940954797', 'global_name': 'k3chau', 'discriminator': '0', 'collectibles': None, 'clan': None, 'avatar_decoration_data': None, 'avatar': None}, 'unusual_dm_activity_until': None, 'roles': ['1385799102943723582'], 'premium_since': None, 'pending': False, 'nick': None, 'joined_at': '2025-06-21T01:08:46.858000+00:00', 'guild_id': '1385787886938488943', 'flags': 0, 'communication_disabled_until': None, 'banner': None, 'avatar': None}}
[2025-06-20 21:51:16] [DEBUG   ] discord.client: Dispatching event socket_event_type
[2025-06-20 21:51:16] [DEBUG   ] discord.client: Dispatching event member_update
[2025-06-20 21:51:42] [DEBUG   ] discord.gateway: For Shard ID None: WebSocket Event: {'t': 'CHANNEL_CREATE', 's': 12, 'op': 0, 'd': {'version': 1750470702227, 'type': 0, 'topic': None, 'rate_limit_per_user': 0, 'position': 1, 'permission_overwrites': [], 'parent_id': '1385787887429095466', 'nsfw': False, 'name': 'trading-view-alerts', 'last_message_id': None, 'id': '1385799309211078737', 'guild_id': '1385787886938488943', 'flags': 0}}
[2025-06-20 21:51:42] [DEBUG   ] discord.client: Dispatching event socket_event_type
[2025-06-20 21:51:42] [DEBUG   ] discord.client: Dispatching event guild_channel_create
[2025-06-20 21:51:55] [DEBUG   ] discord.gateway: Keeping shard ID None websocket alive with sequence 12.
[2025-06-20 21:51:55] [DEBUG   ] discord.gateway: For Shard ID None: WebSocket Event: {'t': None, 's': None, 'op': 11, 'd': None}
[2025-06-20 21:52:36] [DEBUG   ] discord.gateway: Keeping shard ID None websocket alive with sequence 12.
[2025-06-20 21:52:36] [DEBUG   ] discord.gateway: For Shard ID None: WebSocket Event: {'t': None, 's': None, 'op': 11, 'd': None}
[2025-06-20 21:53:17] [DEBUG   ] discord.gateway: Keeping shard ID None websocket alive with sequence 12.
[2025-06-20 21:53:17] [DEBUG   ] discord.gateway: For Shard ID None: WebSocket Event: {'t': None, 's': None, 'op': 11, 'd': None}
[2025-06-20 21:53:59] [DEBUG   ] discord.gateway: Keeping shard ID None websocket alive with sequence 12.
[2025-06-20 21:53:59] [DEBUG   ] discord.gateway: For Shard ID None: WebSocket Event: {'t': None, 's': None, 'op': 11, 'd': None}
[2025-06-20 21:54:13] [DEBUG   ] discord.gateway: For Shard ID None: WebSocket Event: {'t': 'WEBHOOKS_UPDATE', 's': 13, 'op': 0, 'd': {'guild_id': '1385787886938488943', 'channel_id': '1385799309211078737'}}
[2025-06-20 21:54:13] [DEBUG   ] discord.client: Dispatching event socket_event_type
[2025-06-20 21:54:13] [DEBUG   ] discord.client: Dispatching event webhooks_update
[2025-06-20 21:54:40] [DEBUG   ] discord.gateway: Keeping shard ID None websocket alive with sequence 13.
[2025-06-20 21:54:40] [DEBUG   ] discord.gateway: For Shard ID None: WebSocket Event: {'t': None, 's': None, 'op': 11, 'd': None}
[2025-06-20 21:55:21] [DEBUG   ] discord.gateway: Keeping shard ID None websocket alive with sequence 13.
[2025-06-20 21:55:21] [DEBUG   ] discord.gateway: For Shard ID None: WebSocket Event: {'t': None, 's': None, 'op': 11, 'd': None}
[2025-06-20 21:56:02] [DEBUG   ] discord.gateway: Keeping shard ID None websocket alive with sequence 13.
[2025-06-20 21:56:02] [DEBUG   ] discord.gateway: For Shard ID None: WebSocket Event: {'t': None, 's': None, 'op': 11, 'd': None}
[2025-06-20 21:56:44] [DEBUG   ] discord.gateway: Keeping shard ID None websocket alive with sequence 13.
[2025-06-20 21:56:44] [DEBUG   ] discord.gateway: For Shard ID None: WebSocket Event: {'t': None, 's': None, 'op': 11, 'd': None}
[2025-06-20 21:57:25] [DEBUG   ] discord.gateway: Keeping shard ID None websocket alive with sequence 13.
[2025-06-20 21:57:25] [DEBUG   ] discord.gateway: For Shard ID None: WebSocket Event: {'t': None, 's': None, 'op': 11, 'd': None}
[2025-06-20 21:58:06] [DEBUG   ] discord.gateway: Keeping shard ID None websocket alive with sequence 13.
[2025-06-20 21:58:06] [DEBUG   ] discord.gateway: For Shard ID None: WebSocket Event: {'t': None, 's': None, 'op': 11, 'd': None}
[2025-06-20 21:58:47] [DEBUG   ] discord.gateway: Keeping shard ID None websocket alive with sequence 13.
[2025-06-20 21:58:47] [DEBUG   ] discord.gateway: For Shard ID None: WebSocket Event: {'t': None, 's': None, 'op': 11, 'd': None}
[2025-06-20 21:59:29] [DEBUG   ] discord.gateway: Keeping shard ID None websocket alive with sequence 13.
[2025-06-20 21:59:29] [DEBUG   ] discord.gateway: For Shard ID None: WebSocket Event: {'t': None, 's': None, 'op': 11, 'd': None}
[2025-06-20 22:00:10] [DEBUG   ] discord.gateway: Keeping shard ID None websocket alive with sequence 13.
[2025-06-20 22:00:10] [DEBUG   ] discord.gateway: For Shard ID None: WebSocket Event: {'t': None, 's': None, 'op': 11, 'd': None}
[2025-06-20 22:00:51] [DEBUG   ] discord.gateway: Keeping shard ID None websocket alive with sequence 13.
[2025-06-20 22:00:51] [DEBUG   ] discord.gateway: For Shard ID None: WebSocket Event: {'t': None, 's': None, 'op': 11, 'd': None}
[2025-06-20 22:01:32] [DEBUG   ] discord.gateway: Keeping shard ID None websocket alive with sequence 13.
[2025-06-20 22:01:32] [DEBUG   ] discord.gateway: For Shard ID None: WebSocket Event: {'t': None, 's': None, 'op': 11, 'd': None}
[2025-06-20 22:02:14] [DEBUG   ] discord.gateway: Keeping shard ID None websocket alive with sequence 13.
[2025-06-20 22:02:14] [DEBUG   ] discord.gateway: For Shard ID None: WebSocket Event: {'t': None, 's': None, 'op': 11, 'd': None}
[2025-06-20 22:02:55] [DEBUG   ] discord.gateway: Keeping shard ID None websocket alive with sequence 13.
[2025-06-20 22:02:55] [DEBUG   ] discord.gateway: For Shard ID None: WebSocket Event: {'t': None, 's': None, 'op': 11, 'd': None}
[2025-06-20 22:03:36] [DEBUG   ] discord.gateway: Keeping shard ID None websocket alive with sequence 13.
[2025-06-20 22:03:36] [DEBUG   ] discord.gateway: For Shard ID None: WebSocket Event: {'t': None, 's': None, 'op': 11, 'd': None}
[2025-06-20 22:04:17] [DEBUG   ] discord.gateway: Keeping shard ID None websocket alive with sequence 13.
[2025-06-20 22:04:17] [DEBUG   ] discord.gateway: For Shard ID None: WebSocket Event: {'t': None, 's': None, 'op': 11, 'd': None}
[2025-06-20 22:04:59] [DEBUG   ] discord.gateway: Keeping shard ID None websocket alive with sequence 13.
[2025-06-20 22:04:59] [DEBUG   ] discord.gateway: For Shard ID None: WebSocket Event: {'t': None, 's': None, 'op': 11, 'd': None}
[2025-06-20 22:05:40] [DEBUG   ] discord.gateway: Keeping shard ID None websocket alive with sequence 13.
[2025-06-20 22:05:40] [DEBUG   ] discord.gateway: For Shard ID None: WebSocket Event: {'t': None, 's': None, 'op': 11, 'd': None}
[2025-06-20 22:06:21] [DEBUG   ] discord.gateway: Keeping shard ID None websocket alive with sequence 13.
[2025-06-20 22:06:21] [DEBUG   ] discord.gateway: For Shard ID None: WebSocket Event: {'t': None, 's': None, 'op': 11, 'd': None}
[2025-06-20 22:07:02] [DEBUG   ] discord.gateway: Keeping shard ID None websocket alive with sequence 13.
[2025-06-20 22:07:04] [DEBUG   ] discord.gateway: For Shard ID None: WebSocket Event: {'t': None, 's': None, 'op': 11, 'd': None}
[2025-06-20 22:07:44] [DEBUG   ] discord.gateway: Keeping shard ID None websocket alive with sequence 13.
[2025-06-20 22:07:44] [DEBUG   ] discord.gateway: For Shard ID None: WebSocket Event: {'t': None, 's': None, 'op': 11, 'd': None}
[2025-06-20 22:08:25] [DEBUG   ] discord.gateway: Keeping shard ID None websocket alive with sequence 13.
[2025-06-20 22:08:27] [DEBUG   ] discord.gateway: For Shard ID None: WebSocket Event: {'t': None, 's': None, 'op': 11, 'd': None}
[2025-06-20 22:09:06] [DEBUG   ] discord.gateway: Keeping shard ID None websocket alive with sequence 13.
[2025-06-20 22:09:06] [DEBUG   ] discord.gateway: For Shard ID None: WebSocket Event: {'t': None, 's': None, 'op': 11, 'd': None}
[2025-06-20 22:09:47] [DEBUG   ] discord.gateway: Keeping shard ID None websocket alive with sequence 13.
[2025-06-20 22:09:48] [DEBUG   ] discord.gateway: For Shard ID None: WebSocket Event: {'t': None, 's': None, 'op': 11, 'd': None}
[2025-06-20 22:10:29] [DEBUG   ] discord.gateway: Keeping shard ID None websocket alive with sequence 13.
[2025-06-20 22:10:29] [DEBUG   ] discord.gateway: For Shard ID None: WebSocket Event: {'t': None, 's': None, 'op': 11, 'd': None}
[2025-06-20 22:11:10] [DEBUG   ] discord.gateway: Keeping shard ID None websocket alive with sequence 13.
[2025-06-20 22:11:10] [DEBUG   ] discord.gateway: For Shard ID None: WebSocket Event: {'t': None, 's': None, 'op': 11, 'd': None}
[2025-06-20 22:11:51] [DEBUG   ] discord.gateway: Keeping shard ID None websocket alive with sequence 13.
[2025-06-20 22:11:51] [DEBUG   ] discord.gateway: For Shard ID None: WebSocket Event: {'t': None, 's': None, 'op': 11, 'd': None}
[2025-06-20 22:12:33] [DEBUG   ] discord.gateway: Keeping shard ID None websocket alive with sequence 13.
[2025-06-20 22:12:33] [DEBUG   ] discord.gateway: For Shard ID None: WebSocket Event: {'t': None, 's': None, 'op': 11, 'd': None}
[2025-06-20 22:13:14] [DEBUG   ] discord.gateway: Keeping shard ID None websocket alive with sequence 13.
[2025-06-20 22:13:14] [DEBUG   ] discord.gateway: For Shard ID None: WebSocket Event: {'t': None, 's': None, 'op': 11, 'd': None}
[2025-06-20 22:13:55] [DEBUG   ] discord.gateway: Keeping shard ID None websocket alive with sequence 13.
[2025-06-20 22:13:55] [DEBUG   ] discord.gateway: For Shard ID None: WebSocket Event: {'t': None, 's': None, 'op': 11, 'd': None}
[2025-06-20 22:14:36] [DEBUG   ] discord.gateway: Keeping shard ID None websocket alive with sequence 13.
[2025-06-20 22:14:36] [DEBUG   ] discord.gateway: For Shard ID None: WebSocket Event: {'t': None, 's': None, 'op': 11, 'd': None}
